  [1m[36m (0.1ms)[0m  [1mselect sqlite_version(*)[0m
  [1m[35m (2.2ms)[0m  CREATE TABLE "schema_migrations" ("version" varchar(255) NOT NULL) 
  [1m[36m (0.1ms)[0m  [1mPRAGMA index_list("schema_migrations")[0m
  [1m[35m (2.2ms)[0m  CREATE UNIQUE INDEX "unique_schema_migrations" ON "schema_migrations" ("version")
  [1m[36m (0.1ms)[0m  [1mSELECT "schema_migrations"."version" FROM "schema_migrations" [0m
Migrating to CreateBasicEngineCars (20111018164447)
  [1m[35m (0.4ms)[0m  CREATE TABLE "basic_engine_cars" ("id" INTEGER PRIMARY KEY AUTOINCREMENT NOT NULL, "make" varchar(255), "created_at" datetime, "updated_at" datetime) 
  [1m[36m (0.1ms)[0m  [1mINSERT INTO "schema_migrations" ("version") VALUES ('20111018164447')[0m
  [1m[35m (0.4ms)[0m  select sqlite_version(*)
  [1m[36m (0.1ms)[0m  [1mSELECT "schema_migrations"."version" FROM "schema_migrations" [0m
  [1m[35m (0.0ms)[0m  PRAGMA index_list("basic_engine_cars")


Started GET "/" for 127.0.0.1 at 2011-10-18 09:45:23 -0700

ActionController::RoutingError (No route matches [GET] "/"):
  

Rendered /Users/mrobins/.rvm/gems/ruby-1.9.2-p290/gems/actionpack-3.1.1/lib/action_dispatch/middleware/templates/rescues/routing_error.erb within rescues/layout (10.9ms)


Started GET "/cars" for 127.0.0.1 at 2011-10-18 09:45:29 -0700

ActionController::RoutingError (No route matches [GET] "/cars"):
  

Rendered /Users/mrobins/.rvm/gems/ruby-1.9.2-p290/gems/actionpack-3.1.1/lib/action_dispatch/middleware/templates/rescues/routing_error.erb within rescues/layout (0.7ms)


Started GET "/BasicEngine/cars" for 127.0.0.1 at 2011-10-18 09:45:45 -0700
  Processing by BasicEngine::CarsController#index as HTML
  [1m[36mBasicEngine::Car Load (0.2ms)[0m  [1mSELECT "basic_engine_cars".* FROM "basic_engine_cars" [0m
Rendered /Users/mrobins/projects/BasicEngine/app/views/basic_engine/cars/index.html.erb within layouts/application (1.2ms)
Compiled application.css  (1ms)  (pid 97586)
Compiled application.js  (3ms)  (pid 97586)
Compiled jquery.js  (380ms)  (pid 97586)
Compiled jquery_ujs.js  (2ms)  (pid 97586)
Completed 200 OK in 444ms (Views: 443.1ms | ActiveRecord: 0.2ms)


Started GET "/assets/jquery_ujs.js?body=1" for 127.0.0.1 at 2011-10-18 09:45:45 -0700
Served asset /jquery_ujs.js - 304 Not Modified (5ms)


Started GET "/assets/application.js?body=1" for 127.0.0.1 at 2011-10-18 09:45:45 -0700
Served asset /application.js - 200 OK (0ms)


Started GET "/assets/application.css?body=1" for 127.0.0.1 at 2011-10-18 09:45:45 -0700
Served asset /application.css - 200 OK (2ms)


Started GET "/assets/jquery.js?body=1" for 127.0.0.1 at 2011-10-18 09:45:45 -0700
Served asset /jquery.js - 304 Not Modified (3ms)
